0 info it worked if it ends with ok
1 verbose cli [ '/usr/local/bin/node',
1 verbose cli   '/usr/local/bin/npm',
1 verbose cli   'install',
1 verbose cli   '-g',
1 verbose cli   'gulp' ]
2 info using npm@1.4.28
3 info using node@v0.10.32
4 verbose cache add [ 'gulp', null ]
5 verbose cache add name=undefined spec="gulp" args=["gulp",null]
6 verbose parsed url { protocol: null,
6 verbose parsed url   slashes: null,
6 verbose parsed url   auth: null,
6 verbose parsed url   host: null,
6 verbose parsed url   port: null,
6 verbose parsed url   hostname: null,
6 verbose parsed url   hash: null,
6 verbose parsed url   search: null,
6 verbose parsed url   query: null,
6 verbose parsed url   pathname: 'gulp',
6 verbose parsed url   path: 'gulp',
6 verbose parsed url   href: 'gulp' }
7 silly lockFile 9750c68d-gulp gulp
8 verbose lock gulp /Users/nhughes/.npm/9750c68d-gulp.lock
9 silly lockFile 9750c68d-gulp gulp
10 silly lockFile 9750c68d-gulp gulp
11 verbose addNamed [ 'gulp', '' ]
12 verbose addNamed [ null, '*' ]
13 silly lockFile 72f4391e-gulp gulp@
14 verbose lock gulp@ /Users/nhughes/.npm/72f4391e-gulp.lock
15 silly addNameRange { name: 'gulp', range: '*', hasData: false }
16 verbose request where is /gulp
17 verbose request registry https://registry.npmjs.org/
18 verbose request id 8329321e4d4fc885
19 verbose url raw /gulp
20 verbose url resolving [ 'https://registry.npmjs.org/', './gulp' ]
21 verbose url resolved https://registry.npmjs.org/gulp
22 verbose request where is https://registry.npmjs.org/gulp
23 info trying registry request attempt 1 at 09:44:49
24 http GET https://registry.npmjs.org/gulp
25 http 200 https://registry.npmjs.org/gulp
26 silly registry.get cb [ 200,
26 silly registry.get   { server: 'CouchDB/1.5.0 (Erlang OTP/R16B03)',
26 silly registry.get     etag: '"8PJ8TH8QVM19GQS5PQ33G7Y6W"',
26 silly registry.get     'content-type': 'application/json',
26 silly registry.get     'cache-control': 'max-age=60',
26 silly registry.get     'content-length': '105206',
26 silly registry.get     'accept-ranges': 'bytes',
26 silly registry.get     date: 'Tue, 11 Aug 2015 08:44:49 GMT',
26 silly registry.get     via: '1.1 varnish',
26 silly registry.get     age: '36',
26 silly registry.get     connection: 'keep-alive',
26 silly registry.get     'x-served-by': 'cache-lhr6321-LHR',
26 silly registry.get     'x-cache': 'HIT',
26 silly registry.get     'x-cache-hits': '2',
26 silly registry.get     'x-timer': 'S1439282689.390367,VS0,VE0',
26 silly registry.get     vary: 'Accept' } ]
27 silly addNameRange number 2 { name: 'gulp', range: '*', hasData: true }
28 silly addNameRange versions [ 'gulp',
28 silly addNameRange   [ '0.0.1',
28 silly addNameRange     '0.0.2',
28 silly addNameRange     '0.0.3',
28 silly addNameRange     '0.0.4',
28 silly addNameRange     '0.0.5',
28 silly addNameRange     '0.0.7',
28 silly addNameRange     '0.0.8',
28 silly addNameRange     '0.0.9',
28 silly addNameRange     '0.1.0',
28 silly addNameRange     '0.2.0',
28 silly addNameRange     '1.0.0',
28 silly addNameRange     '1.1.0',
28 silly addNameRange     '1.2.0',
28 silly addNameRange     '1.2.1',
28 silly addNameRange     '2.0.0',
28 silly addNameRange     '2.0.1',
28 silly addNameRange     '2.1.0',
28 silly addNameRange     '2.2.0',
28 silly addNameRange     '2.3.0',
28 silly addNameRange     '2.4.0',
28 silly addNameRange     '2.4.1',
28 silly addNameRange     '2.6.0',
28 silly addNameRange     '2.6.1',
28 silly addNameRange     '2.7.0',
28 silly addNameRange     '3.0.0',
28 silly addNameRange     '3.1.1',
28 silly addNameRange     '3.1.2',
28 silly addNameRange     '3.1.3',
28 silly addNameRange     '3.1.4',
28 silly addNameRange     '3.2.0',
28 silly addNameRange     '3.2.1',
28 silly addNameRange     '3.2.2',
28 silly addNameRange     '3.2.3',
28 silly addNameRange     '3.2.4',
28 silly addNameRange     '3.2.5',
28 silly addNameRange     '3.3.0',
28 silly addNameRange     '3.3.1',
28 silly addNameRange     '3.3.2',
28 silly addNameRange     '3.3.4',
28 silly addNameRange     '3.4.0',
28 silly addNameRange     '3.5.0',
28 silly addNameRange     '3.5.1',
28 silly addNameRange     '3.5.2',
28 silly addNameRange     '3.5.5',
28 silly addNameRange     '3.5.6',
28 silly addNameRange     '3.6.0',
28 silly addNameRange     '3.6.1',
28 silly addNameRange     '3.6.2',
28 silly addNameRange     '3.7.0',
28 silly addNameRange     '3.8.0',
28 silly addNameRange     '3.8.1',
28 silly addNameRange     '3.8.2',
28 silly addNameRange     '3.8.3',
28 silly addNameRange     '3.8.4',
28 silly addNameRange     '3.8.5',
28 silly addNameRange     '3.8.6',
28 silly addNameRange     '3.8.7',
28 silly addNameRange     '3.8.8',
28 silly addNameRange     '3.8.9',
28 silly addNameRange     '3.8.10',
28 silly addNameRange     '3.8.11',
28 silly addNameRange     '3.9.0' ] ]
29 verbose addNamed [ 'gulp', '3.9.0' ]
30 verbose addNamed [ '3.9.0', '3.9.0' ]
31 silly lockFile c2697a61-gulp-3-9-0 gulp@3.9.0
32 verbose lock gulp@3.9.0 /Users/nhughes/.npm/c2697a61-gulp-3-9-0.lock
33 silly lockFile af4766b8-ry-npmjs-org-gulp-gulp-3-9-0-tgz https://registry.npmjs.org/gulp/-/gulp-3.9.0.tgz
34 verbose lock https://registry.npmjs.org/gulp/-/gulp-3.9.0.tgz /Users/nhughes/.npm/af4766b8-ry-npmjs-org-gulp-gulp-3-9-0-tgz.lock
35 verbose addRemoteTarball [ 'https://registry.npmjs.org/gulp/-/gulp-3.9.0.tgz',
35 verbose addRemoteTarball   'cf1fba4cb558bb8c6ae6c9613f583ae2620d214a' ]
36 info retry fetch attempt 1 at 09:44:50
37 verbose fetch to= /var/folders/bx/grqg81yn4h18kd2gl7gz2k6r0000gp/T/npm-34182-Td3C1x7t/registry.npmjs.org/gulp/-/gulp-3.9.0.tgz
38 http GET https://registry.npmjs.org/gulp/-/gulp-3.9.0.tgz
39 http 200 https://registry.npmjs.org/gulp/-/gulp-3.9.0.tgz
40 silly lockFile af4766b8-ry-npmjs-org-gulp-gulp-3-9-0-tgz https://registry.npmjs.org/gulp/-/gulp-3.9.0.tgz
41 silly lockFile af4766b8-ry-npmjs-org-gulp-gulp-3-9-0-tgz https://registry.npmjs.org/gulp/-/gulp-3.9.0.tgz
42 silly lockFile c2697a61-gulp-3-9-0 gulp@3.9.0
43 silly lockFile c2697a61-gulp-3-9-0 gulp@3.9.0
44 silly lockFile 72f4391e-gulp gulp@
45 silly lockFile 72f4391e-gulp gulp@
46 error Error: EACCES, mkdir '/Users/nhughes/.npm/gulp/3.9.0'
46 error  { [Error: EACCES, mkdir '/Users/nhughes/.npm/gulp/3.9.0']
46 error   errno: 3,
46 error   code: 'EACCES',
46 error   path: '/Users/nhughes/.npm/gulp/3.9.0' }
47 error Please try running this command again as root/Administrator.
48 error System Darwin 14.3.0
49 error command "/usr/local/bin/node" "/usr/local/bin/npm" "install" "-g" "gulp"
50 error cwd /Users/nhughes/workspace/MakersAcademy/Course/week10/prototype/creature/creatureProto
51 error node -v v0.10.32
52 error npm -v 1.4.28
53 error path /Users/nhughes/.npm/gulp/3.9.0
54 error code EACCES
55 error errno 3
56 error stack Error: EACCES, mkdir '/Users/nhughes/.npm/gulp/3.9.0'
57 verbose exit [ 3, true ]
